app/seeds.txt
com.android.superli.btremote.R$anim: int abc_slide_out_bottom
com.android.superli.btremote.R$id: int bottomBar
com.android.superli.btremote.R$style: int Base_Widget_AppCompat_CompoundButton_Switch
com.android.superli.btremote.R$color: int background_floating_material_light
com.android.superli.btremote.R$style: int TextAppearance_AppCompat_Subhead
com.android.superli.btremote.R$style: int Base_TextAppearance_AppCompat_Widget_DropDownItem
com.android.superli.btremote.R$id: int tv_hengkang
com.android.superli.btremote.R$styleable: int AppCompatTextView_drawableTintMode
com.android.superli.btremote.R$style: int Base_V7_Theme_AppCompat
com.android.superli.btremote.R$styleable: int FontFamilyFont_android_fontStyle
com.android.superli.btremote.R$layout: int layout_tool_key
com.android.superli.btremote.R$attr: int listChoiceBackgroundIndicator
com.android.superli.btremote.R$xml
com.android.superli.btremote.R$attr: int measureWithLargestChild
com.android.superli.btremote.R$styleable: int[] ActivityChooserView
com.android.superli.btremote.R$layout: int custom_dialog
com.android.superli.btremote.R$dimen: int abc_dialog_padding_top_material
com.android.superli.btremote.R$style: int Widget_AppCompat_PopupMenu
com.android.superli.btremote.R$drawable: int img_state_w
com.android.superli.btremote.R$style: int Theme_AppCompat_DayNight_DialogWhenLarge
com.android.superli.btremote.R$style: int Widget_AppCompat_Light_PopupMenu
com.android.superli.btremote.R$styleable: int[] LinearLayoutCompat
com.android.superli.btremote.ui.views.statelayout.StateLayout: android.view.View getNetErrorView()
com.android.superli.btremote.R$styleable: int AppCompatTheme_activityChooserViewStyle
com.android.superli.btremote.R$styleable: int AppCompatTheme_dividerVertical
com.android.superli.btremote.R$styleable: int AppCompatTextView_autoSizeMaxTextSize
com.android.superli.btremote.R$style: int TextAppearance_AppCompat_Widget_ActionMode_Title
com.android.superli.btremote.R$styleable: int LinearLayoutCompat_android_baselineAligned
com.android.superli.btremote.R$attr: int buttonGravity
com.android.superli.btremote.R$string: int strToastYourAreTheLatestVersion
com.android.superli.btremote.R$attr: int preserveIconSpacing
com.android.superli.btremote.R$drawable: int abc_scrubber_track_mtrl_alpha
com.android.superli.btremote.R$string: int abc_toolbar_collapse_description
com.android.superli.btremote.R$styleable: int AppCompatTheme_toolbarNavigationButtonStyle
com.android.superli.btremote.R$style: int TextAppearance_AppCompat_Widget_ActionMode_Subtitle
com.android.superli.btremote.R$string: int strToastCheckingUpgrade
com.android.superli.btremote.R$styleable: int AppCompatTheme_actionBarStyle
com.android.superli.btremote.R$drawable: int abc_ratingbar_indicator_material
com.android.superli.btremote.R$color: int bright_foreground_disabled_material_dark
com.android.superli.btremote.R$dimen: int s_icon
com.android.superli.btremote.R$id: int tv_f4
com.android.superli.btremote.R$attr: int banner_radius
com.android.superli.btremote.R$attr: int pressedTextColor
com.android.superli.btremote.R$attr
com.android.superli.btremote.R$layout: int abc_action_mode_close_item_material
com.android.superli.btremote.R$layout: int support_simple_spinner_dropdown_item
com.android.superli.btremote.R$string: int abc_menu_sym_shortcut_label
com.android.superli.btremote.R$styleable: int SearchView_layout
com.android.superli.btremote.R$style: int Base_TextAppearance_AppCompat_Body2
com.android.superli.btremote.R$styleable: int Toolbar_titleTextColor
com.android.superli.btremote.R$string: int abc_shareactionprovider_share_with
com.android.superli.btremote.R$dimen: int disabled_alpha_material_dark
com.android.superli.btremote.R$attr: int buttonIconDimen
com.android.superli.btremote.R$styleable: int SearchView_submitBackground
com.android.superli.btremote.R$style: int TextAppearance_AppCompat_Widget_ActionBar_Title
com.android.superli.btremote.R$attr: int normalTextColor
...
com.umeng.analytics.process.UMProcessDBDatasSender$1: UMProcessDBDatasSender$1(com.umeng.analytics.process.UMProcessDBDatasSender)
androidx.recyclerview.widget.RecyclerView$SmoothScroller: androidx.recyclerview.widget.RecyclerView$LayoutManager mLayoutManager
androidx.fragment.app.FragmentManagerViewModel: boolean mHasSavedSnapshot
com.contrarywind.view.R$styleable: int TextAppearance_android_textFontWeight
androidx.vectordrawable.graphics.drawable.VectorDrawableCommon: void setFilterBitmap(boolean)
androidx.vectordrawable.graphics.drawable.AnimatedVectorDrawableCompat$2: androidx.vectordrawable.graphics.drawable.AnimatedVectorDrawableCompat this$0
com.contrarywind.view.R$style: int Widget_AppCompat_Toolbar_Button_Navigation
androidx.appcompat.app.AppCompatDelegate: java.lang.Object sActiveDelegatesLock
androidx.appcompat.widget.ActionMenuView$LayoutParams: ActionMenuView$LayoutParams(android.view.ViewGroup$LayoutParams)
me.jessyan.autosize.R$styleable: int Toolbar_title
androidx.appcompat.app.ActionBarDrawerToggle: void toggle()
com.bumptech.glide.load.resource.gif.GifBitmapProvider: void release(android.graphics.Bitmap)
com.umeng.commonsdk.internal.utils.j: j()
com.hjq.permissions.R$styleable: int AppCompatTextView_drawableBottomCompat
androidx.recyclerview.widget.ListAdapter: java.lang.Object getItem(int)
androidx.exifinterface.media.ExifInterface: short ORF_SIGNATURE_2
com.contrarywind.view.R$interpolator: R$interpolator()
com.hjq.permissions.R$layout: int notification_action_tombstone
androidx.appcompat.widget.AppCompatSpinner$1
com.bumptech.glide.util.ExceptionCatchingInputStream: void setInputStream(java.io.InputStream)
androidx.appcompat.R$dimen: int notification_content_margin_start
androidx.exifinterface.media.ExifInterface$ExifAttribute: androidx.exifinterface.media.ExifInterface$ExifAttribute createSRational(androidx.exifinterface.media.ExifInterface$Rational[],java.nio.ByteOrder)
com.bumptech.glide.disklrucache.DiskLruCache: void trimToSize()
com.tencent.bugly.proguard.a: java.lang.String a(java.lang.String)
com.hjq.permissions.R$dimen: int abc_text_size_subhead_material
androidx.exifinterface.media.ExifInterface: int IMAGE_TYPE_DNG
androidx.recyclerview.widget.AsyncListUtil$DataCallback: void recycleData(java.lang.Object[],int)
com.bigkoo.pickerview.R$style: int RtlOverlay_Widget_AppCompat_Search_DropDown_Query
me.yokeyword.fragmentation.R$styleable: int SwitchCompat_android_textOff
com.android.base.R$dimen: int tooltip_corner_radius
com.contrarywind.view.R$styleable: int AppCompatTheme_actionBarItemBackground
androidx.recyclerview.widget.StaggeredGridLayoutManager: int findFirstReferenceChildPosition(int)
androidx.appcompat.view.StandaloneActionMode: android.content.Context mContext
androidx.appcompat.app.WindowDecorActionBar: void setDisplayShowTitleEnabled(boolean)
androidx.appcompat.R$dimen: int abc_text_size_menu_header_material
androidx.appcompat.widget.ThemedSpinnerAdapter$Helper: android.content.res.Resources$Theme getDropDownViewTheme()
com.bumptech.glide.GlideBuilder: com.bumptech.glide.GlideBuilder setResizeExecutor(com.bumptech.glide.load.engine.executor.GlideExecutor)
com.tencent.bugly.beta.tinker.TinkerManager: boolean patchRestartOnScreenOff
androidx.recyclerview.R$styleable: int GradientColor_android_gradientRadius
androidx.appcompat.widget.ActionBarContextView: boolean showOverflowMenu()
com.umeng.analytics.pro.ai: java.lang.String g
androidx.collection.SimpleArrayMap: boolean containsKey(java.lang.Object)
com.contrarywind.view.R$styleable: int SearchView_defaultQueryHint
androidx.appcompat.widget.ActionBarContainer: void onLayout(boolean,int,int,int,int)
com.umeng.analytics.pro.ar: int a(byte[],byte[])
com.contrarywind.view.R$style: int Base_Theme_AppCompat_Dialog_Alert
com.tencent.bugly.proguard.ae: boolean a(int,java.lang.String,com.tencent.bugly.proguard.ad,boolean)
androidx.customview.widget.ViewDragHelper: boolean forceSettleCapturedViewAt(int,int,int,int)