app/unused.txt
com.android.superli.btremote.utils.ToastUtils$2
com.android.superli.btremote.ui.views.statelayout.StateLayout$3
com.android.superli.btremote.ui.views.dialog.BottomSheetDialog$2
com.android.superli.btremote.LoadingDialog:
    public void setCancelable(boolean)
com.android.superli.btremote.hid.HidUitls:
    public void <init>()
com.android.superli.btremote.ui.views.statelayout.StateLayout$4
com.android.superli.btremote.utils.SizeUtils$1
com.android.superli.btremote.ui.views.statelayout.StateManager$1
com.android.superli.btremote.utils.ToastUtils$1
com.android.superli.btremote.ui.views.dialog.BottomSheetDialog$SheetItemTextStyle
com.android.superli.btremote.ui.views.statelayout.BaseViewHolder
com.android.superli.btremote.ui.views.statelayout.StateManager
com.android.superli.btremote.ui.activity.tool.MouseActivity:
    private float Xmus
com.android.superli.btremote.ui.views.statelayout.StateLayout$1
com.android.superli.btremote.hid.BytesUtils:
    public void <init>()
com.android.superli.btremote.ui.views.statelayout.StateLayout$2
com.android.superli.btremote.ui.views.CustomButton:
    public void setStateStrokeColor(int,int,int)
    public void setStateStrokeWidth(int,int,int)
    public void setStrokeDash(float,float)
    public void setStateBackgroundColor(int,int,int)
    public void setStateTextColor(int,int,int)
com.android.superli.btremote.ui.views.statelayout.StateLayout:
    private static boolean isNetWorkAvailable(android.content.Context)
    private void showDialog()
    static synthetic boolean access$000(android.content.Context)
    static synthetic void access$100(com.android.superli.btremote.ui.views.statelayout.StateLayout)
    public com.android.superli.btremote.ui.views.statelayout.StateLayout setContentView(int)
    public com.android.superli.btremote.ui.views.statelayout.StateLayout setContentView(android.view.View)
    public com.android.superli.btremote.ui.views.statelayout.StateLayout setEmptyImage(int)
    public com.android.superli.btremote.ui.views.statelayout.StateLayout setEmptyText(java.lang.CharSequence)
    public com.android.superli.btremote.ui.views.statelayout.StateLayout setErrorImage(int)
    public com.android.superli.btremote.ui.views.statelayout.StateLayout setErrorText(java.lang.CharSequence)
    public com.android.superli.btremote.ui.views.statelayout.StateLayout setNetErrorImage(int)
    public com.android.superli.btremote.ui.views.statelayout.StateLayout setNetErrorText(java.lang.CharSequence)
    public com.android.superli.btremote.ui.views.statelayout.StateLayout setLoadingText(java.lang.CharSequence)
    public boolean isLoadingShowing()
    public boolean isEmptyShowing()
    public boolean isContentShowing()
    public boolean isErrorShowing()
    public boolean isNetErrorShowing()
    public void showEmpty()
    public void showError()
com.android.superli.btremote.ui.views.BottomBar:
    private void toggle(boolean,boolean,boolean)
    static synthetic void access$500(com.android.superli.btremote.ui.views.BottomBar,boolean,boolean,boolean)
    public com.android.superli.btremote.ui.views.BottomBarTab getItem(int)
    public void hide()
    public void show()
    public void hide(boolean)
    public void show(boolean)
    public boolean isVisible()
    private static final int TRANSLATE_DURATION_MILLIS
com.android.superli.btremote.ui.views.statelayout.StateListener$OnClickListener
com.android.superli.btremote.hid.UtilCls:
    public void <init>()
com.android.superli.btremote.utils.IntentUtils
com.android.superli.btremote.utils.SizeUtils$onGetSizeListener
com.android.superli.btremote.utils.VibrateUtil:
    public void <init>()
com.android.superli.btremote.utils.ToastUtils$8
com.android.superli.btremote.R
com.android.superli.btremote.utils.ToastUtils$7
com.android.superli.btremote.OnMultiClickListener
...
okhttp3.internal.http2.Http2Stream$FramingSource
com.alibaba.fastjson.asm.MethodCollector
okhttp3.internal.cache.CacheInterceptor
okio.Pipe$PipeSource
com.lzy.okgo.cookie.CookieJarImpl:
    public synchronized void saveFromResponse(okhttp3.HttpUrl,java.util.List)
    public synchronized java.util.List loadForRequest(okhttp3.HttpUrl)
    public com.lzy.okgo.cookie.store.CookieStore getCookieStore()
com.alibaba.fastjson.parser.deserializer.ExtraProcessor
me.yokeyword.fragmentation.Fragmentation:
    public static me.yokeyword.fragmentation.Fragmentation$FragmentationBuilder builder()
    public boolean isDebug()
    public void setDebug(boolean)
    public void setHandler(me.yokeyword.fragmentation.helper.ExceptionHandler)
    public void setMode(int)
    public static final int NONE
    public static final int SHAKE
    public static final int BUBBLE
com.lzy.okgo.cache.policy.BaseCachePolicy$1
okio.DeflaterSink
www.bigkoo.pickerview.utils.LunarCalendar
okhttp3.Headers$Builder
okhttp3.internal.http2.Huffman
com.alibaba.fastjson.util.AntiCollisionHashMap
me.yokeyword.fragmentation.TransactionDelegate$13
com.google.gson.internal.bind.TypeAdapters$31:
    void <init>(com.google.gson.reflect.TypeToken,com.google.gson.TypeAdapter)
okhttp3.Cache:
    public void <init>(java.io.File,long)
    void <init>(java.io.File,long,okhttp3.internal.io.FileSystem)
    public static java.lang.String key(okhttp3.HttpUrl)
    private void abortQuietly(okhttp3.internal.cache.DiskLruCache$Editor)
    static int readInt(okio.BufferedSource)
    okhttp3.Response get(okhttp3.Request)
    okhttp3.internal.cache.CacheRequest put(okhttp3.Response)
    void remove(okhttp3.Request)
    void update(okhttp3.Response,okhttp3.Response)
    public void initialize()
    public void delete()
    public void evictAll()
    public java.util.Iterator urls()
    public synchronized int writeAbortCount()
    public synchronized int writeSuccessCount()
    public long size()
    public long maxSize()
    public void flush()
    public void close()
    public java.io.File directory()
    public boolean isClosed()
    synchronized void trackResponse(okhttp3.internal.cache.CacheStrategy)
    synchronized void trackConditionalCacheHit()
    public synchronized int networkCount()
    public synchronized int hitCount()
    public synchronized int requestCount()
    final okhttp3.internal.cache.InternalCache internalCache
    final okhttp3.internal.cache.DiskLruCache cache
    int writeSuccessCount
    int writeAbortCount
    private int networkCount
    private int hitCount
    private int requestCount
    private static final int VERSION
    private static final int ENTRY_METADATA
    private static final int ENTRY_BODY